<?xml version="1.0" encoding="utf-8"?><testsuites name="pytest tests"><testsuite name="pytest" errors="0" failures="0" skipped="0" tests="10" time="0.077" timestamp="2025-06-20T14:34:34.686222-07:00" hostname="souriya.local"><testcase classname="tests.test_enhanced_tools.TestEnhancedCalculator" name="test_basic_arithmetic" time="0.001" /><testcase classname="tests.test_enhanced_tools.TestEnhancedCalculator" name="test_mathematical_functions" time="0.000" /><testcase classname="tests.test_enhanced_tools.TestEnhancedCalculator" name="test_trigonometric_functions" time="0.000" /><testcase classname="tests.test_enhanced_tools.TestEnhancedCalculator" name="test_logarithmic_functions" time="0.000" /><testcase classname="tests.test_enhanced_tools.TestEnhancedCalculator" name="test_constants" time="0.000" /><testcase classname="tests.test_enhanced_tools.TestEnhancedCalculator" name="test_complex_expressions" time="0.000" /><testcase classname="tests.test_enhanced_tools.TestEnhancedCalculator" name="test_expression_cleaning" time="0.000" /><testcase classname="tests.test_enhanced_tools.TestEnhancedCalculator" name="test_error_handling" time="0.000" /><testcase classname="tests.test_enhanced_tools.TestEnhancedCalculator" name="test_safety_validation" time="0.000" /><testcase classname="tests.test_enhanced_tools.TestEnhancedCalculator" name="test_result_formatting" time="0.000" /></testsuite></testsuites>